<?xml version="1.0" encoding="UTF-8"?>
<testsuites name="Task Adjusment" time="71.586" tests="2" failures="0" errors="0">
   <testsuite name="Task Adjusment" tests="2" failures="0" errors="0" time="71.586" skipped="0" timestamp="11-06-2024T13:35:18" hostname="0725 - DESKTOP-09GUU8E" id="Test Suites/Task Adjusment">
      <properties>
         <property name="deviceName" value=""/>
         <property name="devicePlatform"/>
         <property name="logFolder" value="C:\\Users\\0725\\Katalon Studio\\Testdevqa\\Reports\\20240611_133501\\Task Adjusment\\20240611_133501"/>
         <property name="logFiles" value="C:\\Users\\0725\\Katalon Studio\\Testdevqa\\Reports\\20240611_133501\\Task Adjusment\\20240611_133501\\execution0.log"/>
         <property name="attachments" value="keyes\keyes-login berhasil.png, C:\\Users\\0725\\Katalon Studio\\Testdevqa\\Reports\\20240611_133501\\Task Adjusment\\20240611_133501\\1718087754911.png, keyes\keyes-Menampilkan pencarian yg di cari.png"/>
         <property name="hostName" value="0725 - DESKTOP-09GUU8E"/>
         <property name="os" value="Windows 10 64bit"/>
         <property name="katalonVersion" value="9.5.0.217"/>
         <property name="browser" value="Chrome 125.0.0.0"/>
         <property name="hostAddress" value="192.168.131.205"/>
         <property name="sessionId" value="8cc1b8a0b614f9d75e24ff60d4715a4e"/>
         <property name="seleniumVersion" value="3.141.59"/>
         <property name="proxyInformation" value="ProxyInformation { proxyOption=NO_PROXY, proxyServerType=HTTP, username=, password=********, proxyServerAddress=, proxyServerPort=0, executionList=&quot;&quot;, isApplyToDesiredCapabilities=true }"/>
         <property name="platform" value="Windows 10"/>
      </properties>
      <testcase name="Test Cases/Logi/Login" time="34.62" classname="Test Cases/Logi/Login" status="PASSED">
         <system-out><![CDATA[11-06-2024T13:35:19 - [TEST_CASE][PASSED] - Test Cases/Logi/Login: Test Cases/Logi/Login

11-06-2024T13:35:19 - [TEST_STEP][PASSED] - openBrowser("https://gpstqa-new.dipostar.org/dipo/"): Browser is opened with url: 'https://gpstqa-new.dipostar.org/dipo/'

11-06-2024T13:35:20 - [MESSAGE][INFO] - Starting 'Chrome' driver

11-06-2024T13:35:20 - [MESSAGE][INFO] - Action delay is set to 0 milliseconds

11-06-2024T13:35:31 - [MESSAGE][PASSED] - Browser is opened with url: 'https://gpstqa-new.dipostar.org/dipo/'

11-06-2024T13:35:31 - [TEST_STEP][PASSED] - maximizeWindow(): Current window maximized

11-06-2024T13:35:31 - [MESSAGE][PASSED] - Current window maximized

11-06-2024T13:35:31 - [TEST_STEP][PASSED] - setText(findTestObject("Home page/input__username"), "aldo"): Text 'aldo' is set on object 'Object Repository/Home page/input__username'

11-06-2024T13:35:32 - [MESSAGE][PASSED] - Text 'aldo' is set on object 'Object Repository/Home page/input__username'

11-06-2024T13:35:32 - [TEST_STEP][PASSED] - setEncryptedText(findTestObject("Home page/input__password"), "TRrAuhBZTmGN3YbeoZ5Gng=="): Text ****** has been set on object 'Object Repository/Home page/input__password'

11-06-2024T13:35:32 - [MESSAGE][PASSED] - Text ****** has been set on object 'Object Repository/Home page/input__password'

11-06-2024T13:35:32 - [TEST_STEP][PASSED] - click(findTestObject("Home page/btn_Login")): Object: 'Object Repository/Home page/btn_Login' is clicked on

11-06-2024T13:35:33 - [MESSAGE][PASSED] - Object: 'Object Repository/Home page/btn_Login' is clicked on

11-06-2024T13:35:33 - [TEST_STEP][PASSED] - takeScreenshotAsCheckpoint("login berhasil", STOP_ON_FAILURE): Taking screenshot successfully

11-06-2024T13:35:53 - [MESSAGE][INFO] - 0 hidden object(s)

11-06-2024T13:35:53 - [MESSAGE][PASSED] - Taking screenshot successfully
[[ATTACHMENT|keyes\keyes-login berhasil.png]]]]></system-out>
         <system-err><![CDATA[]]></system-err>
      </testcase>
      <testcase name="Test Cases/Task/Task Adjusment" time="29.668" classname="Test Cases/Task/Task Adjusment" status="PASSED">
         <system-out><![CDATA[11-06-2024T13:36:00 - [TEST_CASE][PASSED] - Test Cases/Task/Task Adjusment: Test Cases/Task/Task Adjusment

11-06-2024T13:36:00 - [TEST_STEP][PASSED] - click(findTestObject("Menu/Task")): Object: 'Object Repository/Menu/Task' is clicked on

11-06-2024T13:36:01 - [MESSAGE][PASSED] - Object: 'Object Repository/Menu/Task' is clicked on

11-06-2024T13:36:01 - [TEST_STEP][PASSED] - click(findTestObject("Task Adjusment/Task Adjusment")): Object: 'Object Repository/Task Adjusment/Task Adjusment' is clicked on

11-06-2024T13:36:01 - [MESSAGE][PASSED] - Object: 'Object Repository/Task Adjusment/Task Adjusment' is clicked on

11-06-2024T13:36:01 - [TEST_STEP][PASSED] - click(findTestObject("Task Adjusment/Regional/Choose regional")): Object: 'Object Repository/Task Adjusment/Regional/Choose regional' is clicked on

11-06-2024T13:36:04 - [MESSAGE][PASSED] - Object: 'Object Repository/Task Adjusment/Regional/Choose regional' is clicked on

11-06-2024T13:36:04 - [TEST_STEP][PASSED] - setText(findTestObject("Task Adjusment/Regional/Search regional"), "West Java"): Text 'West Java' is set on object 'Object Repository/Task Adjusment/Regional/Search regional'

11-06-2024T13:36:08 - [MESSAGE][PASSED] - Text 'West Java' is set on object 'Object Repository/Task Adjusment/Regional/Search regional'

11-06-2024T13:36:08 - [TEST_STEP][PASSED] - click(findTestObject("Task Adjusment/Regional/Btn search")): Object: 'Object Repository/Task Adjusment/Regional/Btn search' is clicked on

11-06-2024T13:36:08 - [MESSAGE][PASSED] - Object: 'Object Repository/Task Adjusment/Regional/Btn search' is clicked on

11-06-2024T13:36:08 - [TEST_STEP][PASSED] - click(findTestObject("Task Adjusment/Regional/btn west java")): Object: 'Object Repository/Task Adjusment/Regional/btn west java' is clicked on

11-06-2024T13:36:10 - [MESSAGE][PASSED] - Object: 'Object Repository/Task Adjusment/Regional/btn west java' is clicked on

11-06-2024T13:36:10 - [TEST_STEP][PASSED] - click(findTestObject("Task Adjusment/Branch/choose branch")): Object: 'Object Repository/Task Adjusment/Branch/choose branch' is clicked on

11-06-2024T13:36:13 - [MESSAGE][PASSED] - Object: 'Object Repository/Task Adjusment/Branch/choose branch' is clicked on

11-06-2024T13:36:13 - [TEST_STEP][PASSED] - setText(findTestObject("Task Adjusment/Branch/search branch"), "bandung"): Text 'bandung' is set on object 'Object Repository/Task Adjusment/Branch/search branch'

11-06-2024T13:36:16 - [MESSAGE][PASSED] - Text 'bandung' is set on object 'Object Repository/Task Adjusment/Branch/search branch'

11-06-2024T13:36:16 - [TEST_STEP][PASSED] - click(findTestObject("Task Adjusment/Branch/btn search")): Object: 'Object Repository/Task Adjusment/Branch/btn search' is clicked on

11-06-2024T13:36:17 - [MESSAGE][PASSED] - Object: 'Object Repository/Task Adjusment/Branch/btn search' is clicked on

11-06-2024T13:36:17 - [TEST_STEP][PASSED] - click(findTestObject("Task Adjusment/Branch/btn bandung")): Object: 'Object Repository/Task Adjusment/Branch/btn bandung' is clicked on

11-06-2024T13:36:18 - [MESSAGE][PASSED] - Object: 'Object Repository/Task Adjusment/Branch/btn bandung' is clicked on

11-06-2024T13:36:18 - [TEST_STEP][PASSED] - click(findTestObject("Task Adjusment/Field Collector/Choose collector")): Object: 'Object Repository/Task Adjusment/Field Collector/Choose collector' is clicked on

11-06-2024T13:36:21 - [MESSAGE][PASSED] - Object: 'Object Repository/Task Adjusment/Field Collector/Choose collector' is clicked on

11-06-2024T13:36:21 - [TEST_STEP][PASSED] - setText(findTestObject("Task Adjusment/Field Collector/text search"), "Chairul Amran"): Text 'Chairul Amran' is set on object 'Object Repository/Task Adjusment/Field Collector/text search'

11-06-2024T13:36:25 - [MESSAGE][PASSED] - Text 'Chairul Amran' is set on object 'Object Repository/Task Adjusment/Field Collector/text search'

11-06-2024T13:36:25 - [TEST_STEP][PASSED] - click(findTestObject("Task Adjusment/Field Collector/btn search")): Object: 'Object Repository/Task Adjusment/Field Collector/btn search' is clicked on

11-06-2024T13:36:25 - [MESSAGE][PASSED] - Object: 'Object Repository/Task Adjusment/Field Collector/btn search' is clicked on

11-06-2024T13:36:25 - [TEST_STEP][PASSED] - click(findTestObject("Task Adjusment/Field Collector/chairul")): Object: 'Object Repository/Task Adjusment/Field Collector/chairul' is clicked on

11-06-2024T13:36:27 - [MESSAGE][PASSED] - Object: 'Object Repository/Task Adjusment/Field Collector/chairul' is clicked on

11-06-2024T13:36:27 - [TEST_STEP][PASSED] - takeScreenshotAsCheckpoint("Menampilkan pencarian yg di cari"): Taking screenshot successfully

11-06-2024T13:36:30 - [MESSAGE][INFO] - 0 hidden object(s)

11-06-2024T13:36:30 - [MESSAGE][PASSED] - Taking screenshot successfully
[[ATTACHMENT|keyes\keyes-Menampilkan pencarian yg di cari.png]]]]></system-out>
         <system-err><![CDATA[]]></system-err>
      </testcase>
      <system-out><![CDATA[11-06-2024T13:35:18 - [TEST_SUITE][FAILED] - Task Adjusment: Test Cases/Task/Task Adjusment FAILED.
Reason:
com.kms.katalon.core.exception.StepFailedException: Unable to click on object 'Object Repository/Task Adjusment/Task Adjusment'
	at com.kms.katalon.core.webui.keyword.internal.WebUIKeywordMain.stepFailed(WebUIKeywordMain.groovy:64)
	at com.kms.katalon.core.webui.keyword.internal.WebUIKeywordMain.runKeyword(WebUIKeywordMain.groovy:26)
	at com.kms.katalon.core.webui.keyword.builtin.ClickKeyword.click(ClickKeyword.groovy:74)
	at com.kms.katalon.core.webui.keyword.builtin.ClickKeyword.execute(ClickKeyword.groovy:40)
	at com.kms.katalon.core.keyword.internal.KeywordExecutor.executeKeywordForPlatform(KeywordExecutor.groovy:74)
	at com.kms.katalon.core.webui.keyword.WebUiBuiltInKeywords.click(WebUiBuiltInKeywords.groovy:659)
	at Task Adjusment.run(Task Adjusment:22)
	at com.kms.katalon.core.main.ScriptEngine.run(ScriptEngine.java:194)
	at com.kms.katalon.core.main.ScriptEngine.runScriptAsRawText(ScriptEngine.java:119)
	at com.kms.katalon.core.main.TestCaseExecutor.runScript(TestCaseExecutor.java:448)
	at com.kms.katalon.core.main.TestCaseExecutor.doExecute(TestCaseExecutor.java:439)
	at com.kms.katalon.core.main.TestCaseExecutor.processExecutionPhase(TestCaseExecutor.java:418)
	at com.kms.katalon.core.main.TestCaseExecutor.accessMainPhase(TestCaseExecutor.java:410)
	at com.kms.katalon.core.main.TestCaseExecutor.execute(TestCaseExecutor.java:285)
	at com.kms.katalon.core.common.CommonExecutor.accessTestCaseMainPhase(CommonExecutor.java:65)
	at com.kms.katalon.core.main.TestSuiteExecutor.accessTestSuiteMainPhase(TestSuiteExecutor.java:150)
	at com.kms.katalon.core.main.TestSuiteExecutor.execute(TestSuiteExecutor.java:106)
	at com.kms.katalon.core.main.TestCaseMain.startTestSuite(TestCaseMain.java:180)
	at TempTestSuite1718087701503.run(TempTestSuite1718087701503.groovy:35)
	at java.base/jdk.internal.reflect.NativeMethodAccessorImpl.invoke0(Native Method)
	at java.base/jdk.internal.reflect.NativeMethodAccessorImpl.invoke(NativeMethodAccessorImpl.java:77)
	at java.base/jdk.internal.reflect.DelegatingMethodAccessorImpl.invoke(DelegatingMethodAccessorImpl.java:43)
Caused by: org.openqa.selenium.ElementNotInteractableException: element not interactable
  (Session info: chrome=125.0.6422.142)
Build info: version: '3.141.59', revision: 'unknown', time: 'unknown'
System info: host: 'DESKTOP-09GUU8E', ip: '192.168.131.205', os.name: 'Windows 10', os.arch: 'amd64', os.version: '10.0', java.version: '17.0.7'
Driver info: com.kms.katalon.selenium.driver.CChromeDriver
Capabilities {acceptInsecureCerts: false, browserName: chrome, browserVersion: 125.0.6422.142, chrome: {chromedriverVersion: 125.0.6422.60 (3ac3319bff9f..., userDataDir: C:\Users\0725\AppData\Local...}, fedcm:accounts: true, goog:chromeOptions: {debuggerAddress: localhost:49730}, javascriptEnabled: true, networkConnectionEnabled: false, pageLoadStrategy: normal, platform: WINDOWS, platformName: WINDOWS, proxy: Proxy(), setWindowRect: true, strictFileInteractability: false, timeouts: {implicit: 0, pageLoad: 300000, script: 30000}, unhandledPromptBehavior: dismiss and notify, webauthn:extension:credBlob: true, webauthn:extension:largeBlob: true, webauthn:extension:minPinLength: true, webauthn:extension:prf: true, webauthn:virtualAuthenticators: true}
Session ID: 8cc1b8a0b614f9d75e24ff60d4715a4e
	at java.base/jdk.internal.reflect.NativeConstructorAccessorImpl.newInstance0(Native Method)
	at java.base/jdk.internal.reflect.NativeConstructorAccessorImpl.newInstance(NativeConstructorAccessorImpl.java:77)
	at java.base/jdk.internal.reflect.DelegatingConstructorAccessorImpl.newInstance(DelegatingConstructorAccessorImpl.java:45)
	at org.openqa.selenium.remote.http.W3CHttpResponseCodec.createException(W3CHttpResponseCodec.java:187)
	at org.openqa.selenium.remote.http.W3CHttpResponseCodec.decode(W3CHttpResponseCodec.java:122)
	at org.openqa.selenium.remote.http.W3CHttpResponseCodec.decode(W3CHttpResponseCodec.java:49)
	at org.openqa.selenium.remote.HttpCommandExecutor.execute(HttpCommandExecutor.java:158)
	at org.openqa.selenium.remote.service.DriverCommandExecutor.execute(DriverCommandExecutor.java:83)
	at org.openqa.selenium.remote.RemoteWebDriver.execute(RemoteWebDriver.java:552)
	at com.kms.katalon.selenium.driver.CChromeDriver.execute(CChromeDriver.java:19)
	at org.openqa.selenium.remote.RemoteWebElement.execute(RemoteWebElement.java:285)
	at org.openqa.selenium.remote.RemoteWebElement.click(RemoteWebElement.java:84)
	at java.base/jdk.internal.reflect.NativeMethodAccessorImpl.invoke0(Native Method)
	at java.base/jdk.internal.reflect.NativeMethodAccessorImpl.invoke(NativeMethodAccessorImpl.java:77)
	at java.base/jdk.internal.reflect.DelegatingMethodAccessorImpl.invoke(DelegatingMethodAccessorImpl.java:43)
	at org.openqa.selenium.support.events.EventFiringWebDriver$EventFiringWebElement.lambda$new$0(EventFiringWebDriver.java:404)
	at jdk.proxy2/jdk.proxy2.$Proxy24.click(Unknown Source)
	at org.openqa.selenium.support.events.EventFiringWebDriver$EventFiringWebElement.click(EventFiringWebDriver.java:417)
	at org.openqa.selenium.WebElement$click.call(Unknown Source)
	at com.kms.katalon.core.webui.keyword.builtin.ClickKeyword.clickUntilSuccessWithTimeout(ClickKeyword.groovy:81)
	at com.kms.katalon.core.webui.keyword.builtin.ClickKeyword.clickUntilSuccessWithTimeout(ClickKeyword.groovy)
	at java.base/jdk.internal.reflect.NativeMethodAccessorImpl.invoke0(Native Method)
	at java.base/jdk.internal.reflect.NativeMethodAccessorImpl.invoke(NativeMethodAccessorImpl.java:77)
	at java.base/jdk.internal.reflect.DelegatingMethodAccessorImpl.invoke(DelegatingMethodAccessorImpl.java:43)
	at com.kms.katalon.core.webui.keyword.builtin.ClickKeyword$_click_closure1.doCall(ClickKeyword.groovy:67)
	at com.kms.katalon.core.webui.keyword.builtin.ClickKeyword$_click_closure1.call(ClickKeyword.groovy)
	at com.kms.katalon.core.webui.keyword.internal.WebUIKeywordMain.runKeyword(WebUIKeywordMain.groovy:20)
	... 20 more]]></system-out>
      <system-err><![CDATA[11-06-2024T13:35:18 - [TEST_SUITE][FAILED] - Task Adjusment: Test Cases/Task/Task Adjusment FAILED.
Reason:
com.kms.katalon.core.exception.StepFailedException: Unable to click on object 'Object Repository/Task Adjusment/Task Adjusment'
	at com.kms.katalon.core.webui.keyword.internal.WebUIKeywordMain.stepFailed(WebUIKeywordMain.groovy:64)
	at com.kms.katalon.core.webui.keyword.internal.WebUIKeywordMain.runKeyword(WebUIKeywordMain.groovy:26)
	at com.kms.katalon.core.webui.keyword.builtin.ClickKeyword.click(ClickKeyword.groovy:74)
	at com.kms.katalon.core.webui.keyword.builtin.ClickKeyword.execute(ClickKeyword.groovy:40)
	at com.kms.katalon.core.keyword.internal.KeywordExecutor.executeKeywordForPlatform(KeywordExecutor.groovy:74)
	at com.kms.katalon.core.webui.keyword.WebUiBuiltInKeywords.click(WebUiBuiltInKeywords.groovy:659)
	at Task Adjusment.run(Task Adjusment:22)
	at com.kms.katalon.core.main.ScriptEngine.run(ScriptEngine.java:194)
	at com.kms.katalon.core.main.ScriptEngine.runScriptAsRawText(ScriptEngine.java:119)
	at com.kms.katalon.core.main.TestCaseExecutor.runScript(TestCaseExecutor.java:448)
	at com.kms.katalon.core.main.TestCaseExecutor.doExecute(TestCaseExecutor.java:439)
	at com.kms.katalon.core.main.TestCaseExecutor.processExecutionPhase(TestCaseExecutor.java:418)
	at com.kms.katalon.core.main.TestCaseExecutor.accessMainPhase(TestCaseExecutor.java:410)
	at com.kms.katalon.core.main.TestCaseExecutor.execute(TestCaseExecutor.java:285)
	at com.kms.katalon.core.common.CommonExecutor.accessTestCaseMainPhase(CommonExecutor.java:65)
	at com.kms.katalon.core.main.TestSuiteExecutor.accessTestSuiteMainPhase(TestSuiteExecutor.java:150)
	at com.kms.katalon.core.main.TestSuiteExecutor.execute(TestSuiteExecutor.java:106)
	at com.kms.katalon.core.main.TestCaseMain.startTestSuite(TestCaseMain.java:180)
	at TempTestSuite1718087701503.run(TempTestSuite1718087701503.groovy:35)
	at java.base/jdk.internal.reflect.NativeMethodAccessorImpl.invoke0(Native Method)
	at java.base/jdk.internal.reflect.NativeMethodAccessorImpl.invoke(NativeMethodAccessorImpl.java:77)
	at java.base/jdk.internal.reflect.DelegatingMethodAccessorImpl.invoke(DelegatingMethodAccessorImpl.java:43)
Caused by: org.openqa.selenium.ElementNotInteractableException: element not interactable
  (Session info: chrome=125.0.6422.142)
Build info: version: '3.141.59', revision: 'unknown', time: 'unknown'
System info: host: 'DESKTOP-09GUU8E', ip: '192.168.131.205', os.name: 'Windows 10', os.arch: 'amd64', os.version: '10.0', java.version: '17.0.7'
Driver info: com.kms.katalon.selenium.driver.CChromeDriver
Capabilities {acceptInsecureCerts: false, browserName: chrome, browserVersion: 125.0.6422.142, chrome: {chromedriverVersion: 125.0.6422.60 (3ac3319bff9f..., userDataDir: C:\Users\0725\AppData\Local...}, fedcm:accounts: true, goog:chromeOptions: {debuggerAddress: localhost:49730}, javascriptEnabled: true, networkConnectionEnabled: false, pageLoadStrategy: normal, platform: WINDOWS, platformName: WINDOWS, proxy: Proxy(), setWindowRect: true, strictFileInteractability: false, timeouts: {implicit: 0, pageLoad: 300000, script: 30000}, unhandledPromptBehavior: dismiss and notify, webauthn:extension:credBlob: true, webauthn:extension:largeBlob: true, webauthn:extension:minPinLength: true, webauthn:extension:prf: true, webauthn:virtualAuthenticators: true}
Session ID: 8cc1b8a0b614f9d75e24ff60d4715a4e
	at java.base/jdk.internal.reflect.NativeConstructorAccessorImpl.newInstance0(Native Method)
	at java.base/jdk.internal.reflect.NativeConstructorAccessorImpl.newInstance(NativeConstructorAccessorImpl.java:77)
	at java.base/jdk.internal.reflect.DelegatingConstructorAccessorImpl.newInstance(DelegatingConstructorAccessorImpl.java:45)
	at org.openqa.selenium.remote.http.W3CHttpResponseCodec.createException(W3CHttpResponseCodec.java:187)
	at org.openqa.selenium.remote.http.W3CHttpResponseCodec.decode(W3CHttpResponseCodec.java:122)
	at org.openqa.selenium.remote.http.W3CHttpResponseCodec.decode(W3CHttpResponseCodec.java:49)
	at org.openqa.selenium.remote.HttpCommandExecutor.execute(HttpCommandExecutor.java:158)
	at org.openqa.selenium.remote.service.DriverCommandExecutor.execute(DriverCommandExecutor.java:83)
	at org.openqa.selenium.remote.RemoteWebDriver.execute(RemoteWebDriver.java:552)
	at com.kms.katalon.selenium.driver.CChromeDriver.execute(CChromeDriver.java:19)
	at org.openqa.selenium.remote.RemoteWebElement.execute(RemoteWebElement.java:285)
	at org.openqa.selenium.remote.RemoteWebElement.click(RemoteWebElement.java:84)
	at java.base/jdk.internal.reflect.NativeMethodAccessorImpl.invoke0(Native Method)
	at java.base/jdk.internal.reflect.NativeMethodAccessorImpl.invoke(NativeMethodAccessorImpl.java:77)
	at java.base/jdk.internal.reflect.DelegatingMethodAccessorImpl.invoke(DelegatingMethodAccessorImpl.java:43)
	at org.openqa.selenium.support.events.EventFiringWebDriver$EventFiringWebElement.lambda$new$0(EventFiringWebDriver.java:404)
	at jdk.proxy2/jdk.proxy2.$Proxy24.click(Unknown Source)
	at org.openqa.selenium.support.events.EventFiringWebDriver$EventFiringWebElement.click(EventFiringWebDriver.java:417)
	at org.openqa.selenium.WebElement$click.call(Unknown Source)
	at com.kms.katalon.core.webui.keyword.builtin.ClickKeyword.clickUntilSuccessWithTimeout(ClickKeyword.groovy:81)
	at com.kms.katalon.core.webui.keyword.builtin.ClickKeyword.clickUntilSuccessWithTimeout(ClickKeyword.groovy)
	at java.base/jdk.internal.reflect.NativeMethodAccessorImpl.invoke0(Native Method)
	at java.base/jdk.internal.reflect.NativeMethodAccessorImpl.invoke(NativeMethodAccessorImpl.java:77)
	at java.base/jdk.internal.reflect.DelegatingMethodAccessorImpl.invoke(DelegatingMethodAccessorImpl.java:43)
	at com.kms.katalon.core.webui.keyword.builtin.ClickKeyword$_click_closure1.doCall(ClickKeyword.groovy:67)
	at com.kms.katalon.core.webui.keyword.builtin.ClickKeyword$_click_closure1.call(ClickKeyword.groovy)
	at com.kms.katalon.core.webui.keyword.internal.WebUIKeywordMain.runKeyword(WebUIKeywordMain.groovy:20)
	... 20 more]]></system-err>
   </testsuite>
</testsuites>
