<?xml version="1.0" encoding="UTF-8"?>
<testsuites name="Master" time="103.662" tests="6" failures="0" errors="0">
   <testsuite name="Master" tests="6" failures="0" errors="0" time="103.662" skipped="0" timestamp="11-06-2024T11:13:01" hostname="0725 - DESKTOP-09GUU8E" id="Test Suites/Master">
      <properties>
         <property name="deviceName" value=""/>
         <property name="devicePlatform"/>
         <property name="logFolder" value="C:\\Users\\0725\\Katalon Studio\\Testdevqa\\Reports\\20240611_111250\\Master\\20240611_111250"/>
         <property name="logFiles" value="C:\\Users\\0725\\Katalon Studio\\Testdevqa\\Reports\\20240611_111250\\Master\\20240611_111250\\execution0.log"/>
         <property name="attachments" value="keyes\keyes-login berhasil.png, keyes\keyes-Menampilkan halaman position.png, keyes\keyes-Menampilkan pencarian.png, keyes\keyes-menampilkan halaman regional.png, keyes\keyes-menampilkan pencarian.png, C:\\Users\\0725\\Katalon Studio\\Testdevqa\\Reports\\20240611_111250\\Master\\20240611_111250\\1718079258407.png, C:\\Users\\0725\\Katalon Studio\\Testdevqa\\Reports\\20240611_111250\\Master\\20240611_111250\\1718079259995.png, keyes\keyes-menampilkan halaman branch.png, keyes\keyes-menampilkan pencarian yang di cari.png, C:\\Users\\0725\\Katalon Studio\\Testdevqa\\Reports\\20240611_111250\\Master\\20240611_111250\\1718079268520.png, keyes\keyes-menampilkan halaman aplication rules.png, keyes\keyes-menampilkan pencarian yang dicari.png, C:\\Users\\0725\\Katalon Studio\\Testdevqa\\Reports\\20240611_111250\\Master\\20240611_111250\\1718079277728.png, keyes\keyes-menampilkan halaman mobile printer.png, keyes\keyes-menampilkan pencarian.png"/>
         <property name="hostName" value="0725 - DESKTOP-09GUU8E"/>
         <property name="os" value="Windows 10 64bit"/>
         <property name="katalonVersion" value="9.5.0.217"/>
         <property name="browser" value="Chrome 125.0.0.0"/>
         <property name="hostAddress" value="192.168.131.205"/>
         <property name="sessionId" value="b56bb03bbf7898fcb8147e6b379601a2"/>
         <property name="seleniumVersion" value="3.141.59"/>
         <property name="proxyInformation" value="ProxyInformation { proxyOption=NO_PROXY, proxyServerType=HTTP, username=, password=********, proxyServerAddress=, proxyServerPort=0, executionList=&quot;&quot;, isApplyToDesiredCapabilities=true }"/>
         <property name="platform" value="Windows 10"/>
      </properties>
      <testcase name="Test Cases/Logi/Login" time="54.575" classname="Test Cases/Logi/Login" status="PASSED">
         <system-out><![CDATA[11-06-2024T11:13:02 - [TEST_CASE][PASSED] - Test Cases/Logi/Login: Test Cases/Logi/Login

11-06-2024T11:13:02 - [TEST_STEP][PASSED] - openBrowser("https://gpstqa-new.dipostar.org/dipo/"): Browser is opened with url: 'https://gpstqa-new.dipostar.org/dipo/'

11-06-2024T11:13:03 - [MESSAGE][INFO] - Starting 'Chrome' driver

11-06-2024T11:13:03 - [MESSAGE][INFO] - Action delay is set to 0 milliseconds

11-06-2024T11:13:13 - [MESSAGE][PASSED] - Browser is opened with url: 'https://gpstqa-new.dipostar.org/dipo/'

11-06-2024T11:13:13 - [TEST_STEP][PASSED] - maximizeWindow(): Current window maximized

11-06-2024T11:13:13 - [MESSAGE][PASSED] - Current window maximized

11-06-2024T11:13:13 - [TEST_STEP][PASSED] - setText(findTestObject("Home page/input__username"), "aldo"): Text 'aldo' is set on object 'Object Repository/Home page/input__username'

11-06-2024T11:13:14 - [MESSAGE][PASSED] - Text 'aldo' is set on object 'Object Repository/Home page/input__username'

11-06-2024T11:13:14 - [TEST_STEP][PASSED] - setEncryptedText(findTestObject("Home page/input__password"), "TRrAuhBZTmGN3YbeoZ5Gng=="): Text ****** has been set on object 'Object Repository/Home page/input__password'

11-06-2024T11:13:14 - [MESSAGE][PASSED] - Text ****** has been set on object 'Object Repository/Home page/input__password'

11-06-2024T11:13:14 - [TEST_STEP][PASSED] - click(findTestObject("Home page/btn_Login")): Object: 'Object Repository/Home page/btn_Login' is clicked on

11-06-2024T11:13:15 - [MESSAGE][PASSED] - Object: 'Object Repository/Home page/btn_Login' is clicked on

11-06-2024T11:13:15 - [TEST_STEP][PASSED] - takeScreenshotAsCheckpoint("login berhasil", STOP_ON_FAILURE): Taking screenshot successfully

11-06-2024T11:13:56 - [MESSAGE][INFO] - 0 hidden object(s)

11-06-2024T11:13:56 - [MESSAGE][PASSED] - Taking screenshot successfully
[[ATTACHMENT|keyes\keyes-login berhasil.png]]]]></system-out>
         <system-err><![CDATA[]]></system-err>
      </testcase>
      <testcase name="Test Cases/Master/Position" time="13.09" classname="Test Cases/Master/Position" status="PASSED">
         <system-out><![CDATA[11-06-2024T11:13:56 - [TEST_CASE][PASSED] - Test Cases/Master/Position: Test Cases/Master/Position

11-06-2024T11:13:56 - [TEST_STEP][PASSED] - click(findTestObject("Master")): Object: 'Object Repository/Master' is clicked on

11-06-2024T11:13:57 - [MESSAGE][PASSED] - Object: 'Object Repository/Master' is clicked on

11-06-2024T11:13:57 - [TEST_STEP][PASSED] - click(findTestObject("Master Position/Position")): Object: 'Object Repository/Master Position/Position' is clicked on

11-06-2024T11:13:57 - [MESSAGE][PASSED] - Object: 'Object Repository/Master Position/Position' is clicked on

11-06-2024T11:13:57 - [TEST_STEP][PASSED] - takeScreenshotAsCheckpoint("Menampilkan halaman position"): Taking screenshot successfully

11-06-2024T11:14:05 - [MESSAGE][INFO] - 0 hidden object(s)

11-06-2024T11:14:05 - [MESSAGE][PASSED] - Taking screenshot successfully
[[ATTACHMENT|keyes\keyes-Menampilkan halaman position.png]]

11-06-2024T11:14:05 - [TEST_STEP][PASSED] - setText(findTestObject("Master Position/search"), "Field collector"): Text 'Field collector' is set on object 'Object Repository/Master Position/search'

11-06-2024T11:14:06 - [MESSAGE][PASSED] - Text 'Field collector' is set on object 'Object Repository/Master Position/search'

11-06-2024T11:14:06 - [TEST_STEP][PASSED] - click(findTestObject("Master Position/btn search")): Object: 'Object Repository/Master Position/btn search' is clicked on

11-06-2024T11:14:07 - [MESSAGE][PASSED] - Object: 'Object Repository/Master Position/btn search' is clicked on

11-06-2024T11:14:07 - [TEST_STEP][PASSED] - takeScreenshotAsCheckpoint("Menampilkan pencarian"): Taking screenshot successfully

11-06-2024T11:14:09 - [MESSAGE][INFO] - 0 hidden object(s)

11-06-2024T11:14:09 - [MESSAGE][PASSED] - Taking screenshot successfully
[[ATTACHMENT|keyes\keyes-Menampilkan pencarian.png]]]]></system-out>
         <system-err><![CDATA[]]></system-err>
      </testcase>
      <testcase name="Test Cases/Master/Regional" time="7.947" classname="Test Cases/Master/Regional" status="PASSED">
         <system-out><![CDATA[11-06-2024T11:14:09 - [TEST_CASE][PASSED] - Test Cases/Master/Regional: Test Cases/Master/Regional

11-06-2024T11:14:09 - [TEST_STEP][PASSED] - click(findTestObject("Master")): Object: 'Object Repository/Master' is clicked on

11-06-2024T11:14:10 - [MESSAGE][PASSED] - Object: 'Object Repository/Master' is clicked on

11-06-2024T11:14:10 - [TEST_STEP][PASSED] - click(findTestObject("Regional/Regional")): Object: 'Object Repository/Regional/Regional' is clicked on

11-06-2024T11:14:10 - [MESSAGE][PASSED] - Object: 'Object Repository/Regional/Regional' is clicked on

11-06-2024T11:14:10 - [TEST_STEP][PASSED] - takeScreenshotAsCheckpoint("menampilkan halaman regional"): Taking screenshot successfully

11-06-2024T11:14:13 - [MESSAGE][INFO] - 0 hidden object(s)

11-06-2024T11:14:13 - [MESSAGE][PASSED] - Taking screenshot successfully
[[ATTACHMENT|keyes\keyes-menampilkan halaman regional.png]]

11-06-2024T11:14:13 - [TEST_STEP][PASSED] - setText(findTestObject("Regional/Search"), "Jakarta"): Text 'Jakarta' is set on object 'Object Repository/Regional/Search'

11-06-2024T11:14:14 - [MESSAGE][PASSED] - Text 'Jakarta' is set on object 'Object Repository/Regional/Search'

11-06-2024T11:14:14 - [TEST_STEP][PASSED] - click(findTestObject("Regional/btn search")): Object: 'Object Repository/Regional/btn search' is clicked on

11-06-2024T11:14:15 - [MESSAGE][PASSED] - Object: 'Object Repository/Regional/btn search' is clicked on

11-06-2024T11:14:15 - [TEST_STEP][PASSED] - takeScreenshotAsCheckpoint("menampilkan pencarian"): Taking screenshot successfully

11-06-2024T11:14:17 - [MESSAGE][INFO] - 0 hidden object(s)

11-06-2024T11:14:17 - [MESSAGE][PASSED] - Taking screenshot successfully
[[ATTACHMENT|keyes\keyes-menampilkan pencarian.png]]]]></system-out>
         <system-err><![CDATA[]]></system-err>
      </testcase>
      <testcase name="Test Cases/Master/Branch" time="7.372" classname="Test Cases/Master/Branch" status="PASSED">
         <system-out><![CDATA[11-06-2024T11:14:20 - [TEST_CASE][PASSED] - Test Cases/Master/Branch: Test Cases/Master/Branch

11-06-2024T11:14:20 - [TEST_STEP][PASSED] - click(findTestObject("Master")): Object: 'Object Repository/Master' is clicked on

11-06-2024T11:14:20 - [MESSAGE][PASSED] - Object: 'Object Repository/Master' is clicked on

11-06-2024T11:14:20 - [TEST_STEP][PASSED] - click(findTestObject("Branch/Branch")): Object: 'Object Repository/Branch/Branch' is clicked on

11-06-2024T11:14:21 - [MESSAGE][PASSED] - Object: 'Object Repository/Branch/Branch' is clicked on

11-06-2024T11:14:21 - [TEST_STEP][PASSED] - takeScreenshotAsCheckpoint("menampilkan halaman branch"): Taking screenshot successfully

11-06-2024T11:14:24 - [MESSAGE][INFO] - 0 hidden object(s)

11-06-2024T11:14:24 - [MESSAGE][PASSED] - Taking screenshot successfully
[[ATTACHMENT|keyes\keyes-menampilkan halaman branch.png]]

11-06-2024T11:14:24 - [TEST_STEP][PASSED] - setText(findTestObject("Branch/search"), "Bandung"): Text 'Bandung' is set on object 'Object Repository/Branch/search'

11-06-2024T11:14:25 - [MESSAGE][PASSED] - Text 'Bandung' is set on object 'Object Repository/Branch/search'

11-06-2024T11:14:25 - [TEST_STEP][PASSED] - click(findTestObject("Branch/btn search")): Object: 'Object Repository/Branch/btn search' is clicked on

11-06-2024T11:14:25 - [MESSAGE][PASSED] - Object: 'Object Repository/Branch/btn search' is clicked on

11-06-2024T11:14:25 - [TEST_STEP][PASSED] - takeScreenshotAsCheckpoint("menampilkan pencarian yang di cari"): Taking screenshot successfully

11-06-2024T11:14:27 - [MESSAGE][INFO] - 0 hidden object(s)

11-06-2024T11:14:27 - [MESSAGE][PASSED] - Taking screenshot successfully
[[ATTACHMENT|keyes\keyes-menampilkan pencarian yang di cari.png]]]]></system-out>
         <system-err><![CDATA[]]></system-err>
      </testcase>
      <testcase name="Test Cases/Master/Aplication rules" time="8.305" classname="Test Cases/Master/Aplication rules" status="PASSED">
         <system-out><![CDATA[11-06-2024T11:14:28 - [TEST_CASE][PASSED] - Test Cases/Master/Aplication rules: Test Cases/Master/Aplication rules

11-06-2024T11:14:28 - [TEST_STEP][PASSED] - click(findTestObject("Master")): Object: 'Object Repository/Master' is clicked on

11-06-2024T11:14:29 - [MESSAGE][PASSED] - Object: 'Object Repository/Master' is clicked on

11-06-2024T11:14:29 - [TEST_STEP][PASSED] - click(findTestObject("Aplication rules/Aolications rules")): Object: 'Object Repository/Aplication rules/Aolications rules' is clicked on

11-06-2024T11:14:29 - [MESSAGE][PASSED] - Object: 'Object Repository/Aplication rules/Aolications rules' is clicked on

11-06-2024T11:14:29 - [TEST_STEP][PASSED] - takeScreenshotAsCheckpoint("menampilkan halaman aplication rules"): Taking screenshot successfully

11-06-2024T11:14:32 - [MESSAGE][INFO] - 0 hidden object(s)

11-06-2024T11:14:32 - [MESSAGE][PASSED] - Taking screenshot successfully
[[ATTACHMENT|keyes\keyes-menampilkan halaman aplication rules.png]]

11-06-2024T11:14:32 - [TEST_STEP][PASSED] - setText(findTestObject("Aplication rules/search"), "IT Admin"): Text 'IT Admin' is set on object 'Object Repository/Aplication rules/search'

11-06-2024T11:14:33 - [MESSAGE][PASSED] - Text 'IT Admin' is set on object 'Object Repository/Aplication rules/search'

11-06-2024T11:14:33 - [TEST_STEP][PASSED] - click(findTestObject("Aplication rules/btn search")): Object: 'Object Repository/Aplication rules/btn search' is clicked on

11-06-2024T11:14:33 - [MESSAGE][PASSED] - Object: 'Object Repository/Aplication rules/btn search' is clicked on

11-06-2024T11:14:33 - [TEST_STEP][PASSED] - takeScreenshotAsCheckpoint("menampilkan pencarian yang dicari"): Taking screenshot successfully

11-06-2024T11:14:35 - [MESSAGE][INFO] - 0 hidden object(s)

11-06-2024T11:14:36 - [MESSAGE][PASSED] - Taking screenshot successfully
[[ATTACHMENT|keyes\keyes-menampilkan pencarian yang dicari.png]]]]></system-out>
         <system-err><![CDATA[]]></system-err>
      </testcase>
      <testcase name="Test Cases/Master/Mobile printer" time="7.483" classname="Test Cases/Master/Mobile printer" status="PASSED">
         <system-out><![CDATA[11-06-2024T11:14:37 - [TEST_CASE][PASSED] - Test Cases/Master/Mobile printer: Test Cases/Master/Mobile printer

11-06-2024T11:14:37 - [TEST_STEP][PASSED] - click(findTestObject("Master")): Object: 'Object Repository/Master' is clicked on

11-06-2024T11:14:38 - [MESSAGE][PASSED] - Object: 'Object Repository/Master' is clicked on

11-06-2024T11:14:38 - [TEST_STEP][PASSED] - click(findTestObject("Mobile printer/mobile printer")): Object: 'Object Repository/Mobile printer/mobile printer' is clicked on

11-06-2024T11:14:38 - [MESSAGE][PASSED] - Object: 'Object Repository/Mobile printer/mobile printer' is clicked on

11-06-2024T11:14:38 - [TEST_STEP][PASSED] - takeScreenshotAsCheckpoint("menampilkan halaman mobile printer"): Taking screenshot successfully

11-06-2024T11:14:42 - [MESSAGE][INFO] - 0 hidden object(s)

11-06-2024T11:14:42 - [MESSAGE][PASSED] - Taking screenshot successfully
[[ATTACHMENT|keyes\keyes-menampilkan halaman mobile printer.png]]

11-06-2024T11:14:42 - [TEST_STEP][PASSED] - setText(findTestObject("Mobile printer/search"), "MP010"): Text 'MP010' is set on object 'Object Repository/Mobile printer/search'

11-06-2024T11:14:42 - [MESSAGE][PASSED] - Text 'MP010' is set on object 'Object Repository/Mobile printer/search'

11-06-2024T11:14:42 - [TEST_STEP][PASSED] - click(findTestObject("Mobile printer/btn search")): Object: 'Object Repository/Mobile printer/btn search' is clicked on

11-06-2024T11:14:43 - [MESSAGE][PASSED] - Object: 'Object Repository/Mobile printer/btn search' is clicked on

11-06-2024T11:14:43 - [TEST_STEP][PASSED] - takeScreenshotAsCheckpoint("menampilkan pencarian"): Taking screenshot successfully

11-06-2024T11:14:45 - [MESSAGE][INFO] - 0 hidden object(s)

11-06-2024T11:14:45 - [MESSAGE][PASSED] - Taking screenshot successfully
[[ATTACHMENT|keyes\keyes-menampilkan pencarian.png]]]]></system-out>
         <system-err><![CDATA[]]></system-err>
      </testcase>
      <system-out><![CDATA[11-06-2024T11:13:01 - [TEST_SUITE][FAILED] - Master: Test Cases/Master/Branch FAILED.
Reason:
com.kms.katalon.core.exception.StepFailedException: Unable to click on object 'Object Repository/Branch/Branch'
	at com.kms.katalon.core.webui.keyword.internal.WebUIKeywordMain.stepFailed(WebUIKeywordMain.groovy:64)
	at com.kms.katalon.core.webui.keyword.internal.WebUIKeywordMain.runKeyword(WebUIKeywordMain.groovy:26)
	at com.kms.katalon.core.webui.keyword.builtin.ClickKeyword.click(ClickKeyword.groovy:74)
	at com.kms.katalon.core.webui.keyword.builtin.ClickKeyword.execute(ClickKeyword.groovy:40)
	at com.kms.katalon.core.keyword.internal.KeywordExecutor.executeKeywordForPlatform(KeywordExecutor.groovy:74)
	at com.kms.katalon.core.webui.keyword.WebUiBuiltInKeywords.click(WebUiBuiltInKeywords.groovy:659)
	at Branch.run(Branch:22)
	at com.kms.katalon.core.main.ScriptEngine.run(ScriptEngine.java:194)
	at com.kms.katalon.core.main.ScriptEngine.runScriptAsRawText(ScriptEngine.java:119)
	at com.kms.katalon.core.main.TestCaseExecutor.runScript(TestCaseExecutor.java:448)
	at com.kms.katalon.core.main.TestCaseExecutor.doExecute(TestCaseExecutor.java:439)
	at com.kms.katalon.core.main.TestCaseExecutor.processExecutionPhase(TestCaseExecutor.java:418)
	at com.kms.katalon.core.main.TestCaseExecutor.accessMainPhase(TestCaseExecutor.java:410)
	at com.kms.katalon.core.main.TestCaseExecutor.execute(TestCaseExecutor.java:285)
	at com.kms.katalon.core.common.CommonExecutor.accessTestCaseMainPhase(CommonExecutor.java:65)
	at com.kms.katalon.core.main.TestSuiteExecutor.accessTestSuiteMainPhase(TestSuiteExecutor.java:150)
	at com.kms.katalon.core.main.TestSuiteExecutor.execute(TestSuiteExecutor.java:106)
	at com.kms.katalon.core.main.TestCaseMain.startTestSuite(TestCaseMain.java:180)
	at TempTestSuite1718079170844.run(TempTestSuite1718079170844.groovy:35)
	at java.base/jdk.internal.reflect.NativeMethodAccessorImpl.invoke0(Native Method)
	at java.base/jdk.internal.reflect.NativeMethodAccessorImpl.invoke(NativeMethodAccessorImpl.java:77)
	at java.base/jdk.internal.reflect.DelegatingMethodAccessorImpl.invoke(DelegatingMethodAccessorImpl.java:43)
Caused by: org.openqa.selenium.ElementNotInteractableException: element not interactable
  (Session info: chrome=125.0.6422.142)
Build info: version: '3.141.59', revision: 'unknown', time: 'unknown'
System info: host: 'DESKTOP-09GUU8E', ip: '192.168.131.205', os.name: 'Windows 10', os.arch: 'amd64', os.version: '10.0', java.version: '17.0.7'
Driver info: com.kms.katalon.selenium.driver.CChromeDriver
Capabilities {acceptInsecureCerts: false, browserName: chrome, browserVersion: 125.0.6422.142, chrome: {chromedriverVersion: 125.0.6422.60 (3ac3319bff9f..., userDataDir: C:\Users\0725\AppData\Local...}, fedcm:accounts: true, goog:chromeOptions: {debuggerAddress: localhost:59640}, javascriptEnabled: true, networkConnectionEnabled: false, pageLoadStrategy: normal, platform: WINDOWS, platformName: WINDOWS, proxy: Proxy(), setWindowRect: true, strictFileInteractability: false, timeouts: {implicit: 0, pageLoad: 300000, script: 30000}, unhandledPromptBehavior: dismiss and notify, webauthn:extension:credBlob: true, webauthn:extension:largeBlob: true, webauthn:extension:minPinLength: true, webauthn:extension:prf: true, webauthn:virtualAuthenticators: true}
Session ID: b56bb03bbf7898fcb8147e6b379601a2
	at java.base/jdk.internal.reflect.NativeConstructorAccessorImpl.newInstance0(Native Method)
	at java.base/jdk.internal.reflect.NativeConstructorAccessorImpl.newInstance(NativeConstructorAccessorImpl.java:77)
	at java.base/jdk.internal.reflect.DelegatingConstructorAccessorImpl.newInstance(DelegatingConstructorAccessorImpl.java:45)
	at org.openqa.selenium.remote.http.W3CHttpResponseCodec.createException(W3CHttpResponseCodec.java:187)
	at org.openqa.selenium.remote.http.W3CHttpResponseCodec.decode(W3CHttpResponseCodec.java:122)
	at org.openqa.selenium.remote.http.W3CHttpResponseCodec.decode(W3CHttpResponseCodec.java:49)
	at org.openqa.selenium.remote.HttpCommandExecutor.execute(HttpCommandExecutor.java:158)
	at org.openqa.selenium.remote.service.DriverCommandExecutor.execute(DriverCommandExecutor.java:83)
	at org.openqa.selenium.remote.RemoteWebDriver.execute(RemoteWebDriver.java:552)
	at com.kms.katalon.selenium.driver.CChromeDriver.execute(CChromeDriver.java:19)
	at org.openqa.selenium.remote.RemoteWebElement.execute(RemoteWebElement.java:285)
	at org.openqa.selenium.remote.RemoteWebElement.click(RemoteWebElement.java:84)
	at java.base/jdk.internal.reflect.NativeMethodAccessorImpl.invoke0(Native Method)
	at java.base/jdk.internal.reflect.NativeMethodAccessorImpl.invoke(NativeMethodAccessorImpl.java:77)
	at java.base/jdk.internal.reflect.DelegatingMethodAccessorImpl.invoke(DelegatingMethodAccessorImpl.java:43)
	at org.openqa.selenium.support.events.EventFiringWebDriver$EventFiringWebElement.lambda$new$0(EventFiringWebDriver.java:404)
	at jdk.proxy2/jdk.proxy2.$Proxy24.click(Unknown Source)
	at org.openqa.selenium.support.events.EventFiringWebDriver$EventFiringWebElement.click(EventFiringWebDriver.java:417)
	at org.openqa.selenium.WebElement$click.call(Unknown Source)
	at com.kms.katalon.core.webui.keyword.builtin.ClickKeyword.clickUntilSuccessWithTimeout(ClickKeyword.groovy:81)
	at com.kms.katalon.core.webui.keyword.builtin.ClickKeyword.clickUntilSuccessWithTimeout(ClickKeyword.groovy)
	at java.base/jdk.internal.reflect.NativeMethodAccessorImpl.invoke0(Native Method)
	at java.base/jdk.internal.reflect.NativeMethodAccessorImpl.invoke(NativeMethodAccessorImpl.java:77)
	at java.base/jdk.internal.reflect.DelegatingMethodAccessorImpl.invoke(DelegatingMethodAccessorImpl.java:43)
	at com.kms.katalon.core.webui.keyword.builtin.ClickKeyword$_click_closure1.doCall(ClickKeyword.groovy:67)
	at com.kms.katalon.core.webui.keyword.builtin.ClickKeyword$_click_closure1.call(ClickKeyword.groovy)
	at com.kms.katalon.core.webui.keyword.internal.WebUIKeywordMain.runKeyword(WebUIKeywordMain.groovy:20)
	... 20 more]]></system-out>
      <system-err><![CDATA[11-06-2024T11:13:01 - [TEST_SUITE][FAILED] - Master: Test Cases/Master/Branch FAILED.
Reason:
com.kms.katalon.core.exception.StepFailedException: Unable to click on object 'Object Repository/Branch/Branch'
	at com.kms.katalon.core.webui.keyword.internal.WebUIKeywordMain.stepFailed(WebUIKeywordMain.groovy:64)
	at com.kms.katalon.core.webui.keyword.internal.WebUIKeywordMain.runKeyword(WebUIKeywordMain.groovy:26)
	at com.kms.katalon.core.webui.keyword.builtin.ClickKeyword.click(ClickKeyword.groovy:74)
	at com.kms.katalon.core.webui.keyword.builtin.ClickKeyword.execute(ClickKeyword.groovy:40)
	at com.kms.katalon.core.keyword.internal.KeywordExecutor.executeKeywordForPlatform(KeywordExecutor.groovy:74)
	at com.kms.katalon.core.webui.keyword.WebUiBuiltInKeywords.click(WebUiBuiltInKeywords.groovy:659)
	at Branch.run(Branch:22)
	at com.kms.katalon.core.main.ScriptEngine.run(ScriptEngine.java:194)
	at com.kms.katalon.core.main.ScriptEngine.runScriptAsRawText(ScriptEngine.java:119)
	at com.kms.katalon.core.main.TestCaseExecutor.runScript(TestCaseExecutor.java:448)
	at com.kms.katalon.core.main.TestCaseExecutor.doExecute(TestCaseExecutor.java:439)
	at com.kms.katalon.core.main.TestCaseExecutor.processExecutionPhase(TestCaseExecutor.java:418)
	at com.kms.katalon.core.main.TestCaseExecutor.accessMainPhase(TestCaseExecutor.java:410)
	at com.kms.katalon.core.main.TestCaseExecutor.execute(TestCaseExecutor.java:285)
	at com.kms.katalon.core.common.CommonExecutor.accessTestCaseMainPhase(CommonExecutor.java:65)
	at com.kms.katalon.core.main.TestSuiteExecutor.accessTestSuiteMainPhase(TestSuiteExecutor.java:150)
	at com.kms.katalon.core.main.TestSuiteExecutor.execute(TestSuiteExecutor.java:106)
	at com.kms.katalon.core.main.TestCaseMain.startTestSuite(TestCaseMain.java:180)
	at TempTestSuite1718079170844.run(TempTestSuite1718079170844.groovy:35)
	at java.base/jdk.internal.reflect.NativeMethodAccessorImpl.invoke0(Native Method)
	at java.base/jdk.internal.reflect.NativeMethodAccessorImpl.invoke(NativeMethodAccessorImpl.java:77)
	at java.base/jdk.internal.reflect.DelegatingMethodAccessorImpl.invoke(DelegatingMethodAccessorImpl.java:43)
Caused by: org.openqa.selenium.ElementNotInteractableException: element not interactable
  (Session info: chrome=125.0.6422.142)
Build info: version: '3.141.59', revision: 'unknown', time: 'unknown'
System info: host: 'DESKTOP-09GUU8E', ip: '192.168.131.205', os.name: 'Windows 10', os.arch: 'amd64', os.version: '10.0', java.version: '17.0.7'
Driver info: com.kms.katalon.selenium.driver.CChromeDriver
Capabilities {acceptInsecureCerts: false, browserName: chrome, browserVersion: 125.0.6422.142, chrome: {chromedriverVersion: 125.0.6422.60 (3ac3319bff9f..., userDataDir: C:\Users\0725\AppData\Local...}, fedcm:accounts: true, goog:chromeOptions: {debuggerAddress: localhost:59640}, javascriptEnabled: true, networkConnectionEnabled: false, pageLoadStrategy: normal, platform: WINDOWS, platformName: WINDOWS, proxy: Proxy(), setWindowRect: true, strictFileInteractability: false, timeouts: {implicit: 0, pageLoad: 300000, script: 30000}, unhandledPromptBehavior: dismiss and notify, webauthn:extension:credBlob: true, webauthn:extension:largeBlob: true, webauthn:extension:minPinLength: true, webauthn:extension:prf: true, webauthn:virtualAuthenticators: true}
Session ID: b56bb03bbf7898fcb8147e6b379601a2
	at java.base/jdk.internal.reflect.NativeConstructorAccessorImpl.newInstance0(Native Method)
	at java.base/jdk.internal.reflect.NativeConstructorAccessorImpl.newInstance(NativeConstructorAccessorImpl.java:77)
	at java.base/jdk.internal.reflect.DelegatingConstructorAccessorImpl.newInstance(DelegatingConstructorAccessorImpl.java:45)
	at org.openqa.selenium.remote.http.W3CHttpResponseCodec.createException(W3CHttpResponseCodec.java:187)
	at org.openqa.selenium.remote.http.W3CHttpResponseCodec.decode(W3CHttpResponseCodec.java:122)
	at org.openqa.selenium.remote.http.W3CHttpResponseCodec.decode(W3CHttpResponseCodec.java:49)
	at org.openqa.selenium.remote.HttpCommandExecutor.execute(HttpCommandExecutor.java:158)
	at org.openqa.selenium.remote.service.DriverCommandExecutor.execute(DriverCommandExecutor.java:83)
	at org.openqa.selenium.remote.RemoteWebDriver.execute(RemoteWebDriver.java:552)
	at com.kms.katalon.selenium.driver.CChromeDriver.execute(CChromeDriver.java:19)
	at org.openqa.selenium.remote.RemoteWebElement.execute(RemoteWebElement.java:285)
	at org.openqa.selenium.remote.RemoteWebElement.click(RemoteWebElement.java:84)
	at java.base/jdk.internal.reflect.NativeMethodAccessorImpl.invoke0(Native Method)
	at java.base/jdk.internal.reflect.NativeMethodAccessorImpl.invoke(NativeMethodAccessorImpl.java:77)
	at java.base/jdk.internal.reflect.DelegatingMethodAccessorImpl.invoke(DelegatingMethodAccessorImpl.java:43)
	at org.openqa.selenium.support.events.EventFiringWebDriver$EventFiringWebElement.lambda$new$0(EventFiringWebDriver.java:404)
	at jdk.proxy2/jdk.proxy2.$Proxy24.click(Unknown Source)
	at org.openqa.selenium.support.events.EventFiringWebDriver$EventFiringWebElement.click(EventFiringWebDriver.java:417)
	at org.openqa.selenium.WebElement$click.call(Unknown Source)
	at com.kms.katalon.core.webui.keyword.builtin.ClickKeyword.clickUntilSuccessWithTimeout(ClickKeyword.groovy:81)
	at com.kms.katalon.core.webui.keyword.builtin.ClickKeyword.clickUntilSuccessWithTimeout(ClickKeyword.groovy)
	at java.base/jdk.internal.reflect.NativeMethodAccessorImpl.invoke0(Native Method)
	at java.base/jdk.internal.reflect.NativeMethodAccessorImpl.invoke(NativeMethodAccessorImpl.java:77)
	at java.base/jdk.internal.reflect.DelegatingMethodAccessorImpl.invoke(DelegatingMethodAccessorImpl.java:43)
	at com.kms.katalon.core.webui.keyword.builtin.ClickKeyword$_click_closure1.doCall(ClickKeyword.groovy:67)
	at com.kms.katalon.core.webui.keyword.builtin.ClickKeyword$_click_closure1.call(ClickKeyword.groovy)
	at com.kms.katalon.core.webui.keyword.internal.WebUIKeywordMain.runKeyword(WebUIKeywordMain.groovy:20)
	... 20 more]]></system-err>
   </testsuite>
</testsuites>
