<?xml version="1.0" encoding="UTF-8"?>
<testsuites name="Master" time="72.168" tests="6" failures="0" errors="0">
   <testsuite name="Master" tests="6" failures="0" errors="0" time="72.168" skipped="0" timestamp="18-06-2024T11:23:39" hostname="0725 - DESKTOP-09GUU8E" id="Test Suites/Master">
      <properties>
         <property name="deviceName" value=""/>
         <property name="devicePlatform"/>
         <property name="logFolder" value="C:\\Users\\0725\\Katalon Studio\\Testdevqa\\Reports\\20240618_112331\\Master\\20240618_112331"/>
         <property name="logFiles" value="C:\\Users\\0725\\Katalon Studio\\Testdevqa\\Reports\\20240618_112331\\Master\\20240618_112331\\execution0.log"/>
         <property name="attachments" value="keyes\keyes-login berhasil.png, keyes\keyes-Menampilkan halaman position.png, keyes\keyes-Menampilkan pencarian.png, keyes\keyes-menampilkan halaman regional.png, keyes\keyes-menampilkan pencarian.png, C:\\Users\\0725\\Katalon Studio\\Testdevqa\\Reports\\20240618_112331\\Master\\20240618_112331\\1718684669223.png, keyes\keyes-menampilkan halaman branch.png, keyes\keyes-menampilkan pencarian yang di cari.png, keyes\keyes-menampilkan halaman aplication rules.png, keyes\keyes-menampilkan pencarian yang dicari.png, C:\\Users\\0725\\Katalon Studio\\Testdevqa\\Reports\\20240618_112331\\Master\\20240618_112331\\1718684683477.png, C:\\Users\\0725\\Katalon Studio\\Testdevqa\\Reports\\20240618_112331\\Master\\20240618_112331\\1718684684198.png, C:\\Users\\0725\\Katalon Studio\\Testdevqa\\Reports\\20240618_112331\\Master\\20240618_112331\\1718684684874.png, keyes\keyes-menampilkan halaman mobile printer.png, keyes\keyes-menampilkan pencarian.png"/>
         <property name="hostName" value="0725 - DESKTOP-09GUU8E"/>
         <property name="os" value="Windows 10 64bit"/>
         <property name="katalonVersion" value="9.5.0.217"/>
         <property name="browser" value="Chrome 125.0.0.0"/>
         <property name="hostAddress" value="192.168.10.33"/>
         <property name="sessionId" value="edd8a05ee9363ea6abf24d2a6803cb98"/>
         <property name="seleniumVersion" value="3.141.59"/>
         <property name="proxyInformation" value="ProxyInformation { proxyOption=NO_PROXY, proxyServerType=HTTP, username=, password=********, proxyServerAddress=, proxyServerPort=0, executionList=&quot;&quot;, isApplyToDesiredCapabilities=true }"/>
         <property name="platform" value="Windows 10"/>
      </properties>
      <testcase name="Test Cases/Login/Login" time="33.027" classname="Test Cases/Login/Login" status="PASSED">
         <system-out><![CDATA[18-06-2024T11:23:39 - [TEST_CASE][PASSED] - Test Cases/Login/Login: Test Cases/Login/Login

18-06-2024T11:23:39 - [TEST_STEP][PASSED] - openBrowser("https://gpstqa-new.dipostar.org/dipo/"): Browser is opened with url: 'https://gpstqa-new.dipostar.org/dipo/'

18-06-2024T11:23:40 - [MESSAGE][INFO] - Starting 'Chrome' driver

18-06-2024T11:23:40 - [MESSAGE][INFO] - Action delay is set to 0 milliseconds

18-06-2024T11:23:49 - [MESSAGE][PASSED] - Browser is opened with url: 'https://gpstqa-new.dipostar.org/dipo/'

18-06-2024T11:23:49 - [TEST_STEP][PASSED] - maximizeWindow(): Current window maximized

18-06-2024T11:23:49 - [MESSAGE][PASSED] - Current window maximized

18-06-2024T11:23:49 - [TEST_STEP][PASSED] - setText(findTestObject("Home page/input__username"), "aldo"): Text 'aldo' is set on object 'Object Repository/Home page/input__username'

18-06-2024T11:23:50 - [MESSAGE][PASSED] - Text 'aldo' is set on object 'Object Repository/Home page/input__username'

18-06-2024T11:23:50 - [TEST_STEP][PASSED] - setEncryptedText(findTestObject("Home page/input__password"), "TRrAuhBZTmGN3YbeoZ5Gng=="): Text ****** has been set on object 'Object Repository/Home page/input__password'

18-06-2024T11:23:50 - [MESSAGE][PASSED] - Text ****** has been set on object 'Object Repository/Home page/input__password'

18-06-2024T11:23:50 - [TEST_STEP][PASSED] - click(findTestObject("Home page/btn_Login")): Object: 'Object Repository/Home page/btn_Login' is clicked on

18-06-2024T11:23:50 - [MESSAGE][PASSED] - Object: 'Object Repository/Home page/btn_Login' is clicked on

18-06-2024T11:23:50 - [TEST_STEP][PASSED] - takeScreenshotAsCheckpoint("login berhasil", STOP_ON_FAILURE): Taking screenshot successfully

18-06-2024T11:24:12 - [MESSAGE][INFO] - 0 hidden object(s)

18-06-2024T11:24:12 - [MESSAGE][PASSED] - Taking screenshot successfully
[[ATTACHMENT|keyes\keyes-login berhasil.png]]]]></system-out>
         <system-err><![CDATA[]]></system-err>
      </testcase>
      <testcase name="Test Cases/Master/Position" time="9.652" classname="Test Cases/Master/Position" status="PASSED">
         <system-out><![CDATA[18-06-2024T11:24:12 - [TEST_CASE][PASSED] - Test Cases/Master/Position: Test Cases/Master/Position

18-06-2024T11:24:12 - [TEST_STEP][PASSED] - click(findTestObject("Menu/Master")): Object: 'Object Repository/Menu/Master' is clicked on

18-06-2024T11:24:12 - [MESSAGE][PASSED] - Object: 'Object Repository/Menu/Master' is clicked on

18-06-2024T11:24:12 - [TEST_STEP][PASSED] - click(findTestObject("Master Position/Position")): Object: 'Object Repository/Master Position/Position' is clicked on

18-06-2024T11:24:13 - [MESSAGE][PASSED] - Object: 'Object Repository/Master Position/Position' is clicked on

18-06-2024T11:24:13 - [TEST_STEP][PASSED] - takeScreenshotAsCheckpoint("Menampilkan halaman position"): Taking screenshot successfully

18-06-2024T11:24:19 - [MESSAGE][INFO] - 0 hidden object(s)

18-06-2024T11:24:19 - [MESSAGE][PASSED] - Taking screenshot successfully
[[ATTACHMENT|keyes\keyes-Menampilkan halaman position.png]]

18-06-2024T11:24:19 - [TEST_STEP][PASSED] - setText(findTestObject("Master Position/search"), "Field collector"): Text 'Field collector' is set on object 'Object Repository/Master Position/search'

18-06-2024T11:24:19 - [MESSAGE][PASSED] - Text 'Field collector' is set on object 'Object Repository/Master Position/search'

18-06-2024T11:24:19 - [TEST_STEP][PASSED] - click(findTestObject("Master Position/btn search")): Object: 'Object Repository/Master Position/btn search' is clicked on

18-06-2024T11:24:20 - [MESSAGE][PASSED] - Object: 'Object Repository/Master Position/btn search' is clicked on

18-06-2024T11:24:20 - [TEST_STEP][PASSED] - takeScreenshotAsCheckpoint("Menampilkan pencarian"): Taking screenshot successfully

18-06-2024T11:24:22 - [MESSAGE][INFO] - 0 hidden object(s)

18-06-2024T11:24:22 - [MESSAGE][PASSED] - Taking screenshot successfully
[[ATTACHMENT|keyes\keyes-Menampilkan pencarian.png]]]]></system-out>
         <system-err><![CDATA[]]></system-err>
      </testcase>
      <testcase name="Test Cases/Master/Regional" time="6.405" classname="Test Cases/Master/Regional" status="PASSED">
         <system-out><![CDATA[18-06-2024T11:24:22 - [TEST_CASE][PASSED] - Test Cases/Master/Regional: Test Cases/Master/Regional

18-06-2024T11:24:22 - [TEST_STEP][PASSED] - click(findTestObject("Menu/Master")): Object: 'Object Repository/Menu/Master' is clicked on

18-06-2024T11:24:22 - [MESSAGE][PASSED] - Object: 'Object Repository/Menu/Master' is clicked on

18-06-2024T11:24:22 - [TEST_STEP][PASSED] - click(findTestObject("Regional/Regional")): Object: 'Object Repository/Regional/Regional' is clicked on

18-06-2024T11:24:22 - [MESSAGE][PASSED] - Object: 'Object Repository/Regional/Regional' is clicked on

18-06-2024T11:24:22 - [TEST_STEP][PASSED] - takeScreenshotAsCheckpoint("menampilkan halaman regional"): Taking screenshot successfully

18-06-2024T11:24:25 - [MESSAGE][INFO] - 0 hidden object(s)

18-06-2024T11:24:25 - [MESSAGE][PASSED] - Taking screenshot successfully
[[ATTACHMENT|keyes\keyes-menampilkan halaman regional.png]]

18-06-2024T11:24:25 - [TEST_STEP][PASSED] - setText(findTestObject("Regional/Search"), "Jakarta"): Text 'Jakarta' is set on object 'Object Repository/Regional/Search'

18-06-2024T11:24:26 - [MESSAGE][PASSED] - Text 'Jakarta' is set on object 'Object Repository/Regional/Search'

18-06-2024T11:24:26 - [TEST_STEP][PASSED] - click(findTestObject("Regional/btn search")): Object: 'Object Repository/Regional/btn search' is clicked on

18-06-2024T11:24:26 - [MESSAGE][PASSED] - Object: 'Object Repository/Regional/btn search' is clicked on

18-06-2024T11:24:26 - [TEST_STEP][PASSED] - takeScreenshotAsCheckpoint("menampilkan pencarian"): Taking screenshot successfully

18-06-2024T11:24:28 - [MESSAGE][INFO] - 0 hidden object(s)

18-06-2024T11:24:28 - [MESSAGE][PASSED] - Taking screenshot successfully
[[ATTACHMENT|keyes\keyes-menampilkan pencarian.png]]]]></system-out>
         <system-err><![CDATA[]]></system-err>
      </testcase>
      <testcase name="Test Cases/Master/Branch" time="6.273" classname="Test Cases/Master/Branch" status="PASSED">
         <system-out><![CDATA[18-06-2024T11:24:30 - [TEST_CASE][PASSED] - Test Cases/Master/Branch: Test Cases/Master/Branch

18-06-2024T11:24:30 - [TEST_STEP][PASSED] - click(findTestObject("Menu/Master")): Object: 'Object Repository/Menu/Master' is clicked on

18-06-2024T11:24:30 - [MESSAGE][PASSED] - Object: 'Object Repository/Menu/Master' is clicked on

18-06-2024T11:24:30 - [TEST_STEP][PASSED] - click(findTestObject("Branch/Branch")): Object: 'Object Repository/Branch/Branch' is clicked on

18-06-2024T11:24:30 - [MESSAGE][PASSED] - Object: 'Object Repository/Branch/Branch' is clicked on

18-06-2024T11:24:30 - [TEST_STEP][PASSED] - takeScreenshotAsCheckpoint("menampilkan halaman branch"): Taking screenshot successfully

18-06-2024T11:24:33 - [MESSAGE][INFO] - 0 hidden object(s)

18-06-2024T11:24:33 - [MESSAGE][PASSED] - Taking screenshot successfully
[[ATTACHMENT|keyes\keyes-menampilkan halaman branch.png]]

18-06-2024T11:24:33 - [TEST_STEP][PASSED] - setText(findTestObject("Branch/search"), "Bandung"): Text 'Bandung' is set on object 'Object Repository/Branch/search'

18-06-2024T11:24:34 - [MESSAGE][PASSED] - Text 'Bandung' is set on object 'Object Repository/Branch/search'

18-06-2024T11:24:34 - [TEST_STEP][PASSED] - click(findTestObject("Branch/btn search")): Object: 'Object Repository/Branch/btn search' is clicked on

18-06-2024T11:24:34 - [MESSAGE][PASSED] - Object: 'Object Repository/Branch/btn search' is clicked on

18-06-2024T11:24:34 - [TEST_STEP][PASSED] - takeScreenshotAsCheckpoint("menampilkan pencarian yang di cari"): Taking screenshot successfully

18-06-2024T11:24:36 - [MESSAGE][INFO] - 0 hidden object(s)

18-06-2024T11:24:36 - [MESSAGE][PASSED] - Taking screenshot successfully
[[ATTACHMENT|keyes\keyes-menampilkan pencarian yang di cari.png]]]]></system-out>
         <system-err><![CDATA[]]></system-err>
      </testcase>
      <testcase name="Test Cases/Master/Aplication rules" time="6.424" classname="Test Cases/Master/Aplication rules" status="PASSED">
         <system-out><![CDATA[18-06-2024T11:24:36 - [TEST_CASE][PASSED] - Test Cases/Master/Aplication rules: Test Cases/Master/Aplication rules

18-06-2024T11:24:36 - [TEST_STEP][PASSED] - click(findTestObject("Menu/Master")): Object: 'Object Repository/Menu/Master' is clicked on

18-06-2024T11:24:36 - [MESSAGE][PASSED] - Object: 'Object Repository/Menu/Master' is clicked on

18-06-2024T11:24:36 - [TEST_STEP][PASSED] - click(findTestObject("Aplication rules/Aolications rules")): Object: 'Object Repository/Aplication rules/Aolications rules' is clicked on

18-06-2024T11:24:37 - [MESSAGE][PASSED] - Object: 'Object Repository/Aplication rules/Aolications rules' is clicked on

18-06-2024T11:24:37 - [TEST_STEP][PASSED] - takeScreenshotAsCheckpoint("menampilkan halaman aplication rules"): Taking screenshot successfully

18-06-2024T11:24:39 - [MESSAGE][INFO] - 0 hidden object(s)

18-06-2024T11:24:40 - [MESSAGE][PASSED] - Taking screenshot successfully
[[ATTACHMENT|keyes\keyes-menampilkan halaman aplication rules.png]]

18-06-2024T11:24:40 - [TEST_STEP][PASSED] - setText(findTestObject("Aplication rules/search"), "IT Admin"): Text 'IT Admin' is set on object 'Object Repository/Aplication rules/search'

18-06-2024T11:24:40 - [MESSAGE][PASSED] - Text 'IT Admin' is set on object 'Object Repository/Aplication rules/search'

18-06-2024T11:24:40 - [TEST_STEP][PASSED] - click(findTestObject("Aplication rules/btn search")): Object: 'Object Repository/Aplication rules/btn search' is clicked on

18-06-2024T11:24:40 - [MESSAGE][PASSED] - Object: 'Object Repository/Aplication rules/btn search' is clicked on

18-06-2024T11:24:40 - [TEST_STEP][PASSED] - takeScreenshotAsCheckpoint("menampilkan pencarian yang dicari"): Taking screenshot successfully

18-06-2024T11:24:42 - [MESSAGE][INFO] - 0 hidden object(s)

18-06-2024T11:24:42 - [MESSAGE][PASSED] - Taking screenshot successfully
[[ATTACHMENT|keyes\keyes-menampilkan pencarian yang dicari.png]]]]></system-out>
         <system-err><![CDATA[]]></system-err>
      </testcase>
      <testcase name="Test Cases/Master/Mobile printer" time="6.448" classname="Test Cases/Master/Mobile printer" status="PASSED">
         <system-out><![CDATA[18-06-2024T11:24:44 - [TEST_CASE][PASSED] - Test Cases/Master/Mobile printer: Test Cases/Master/Mobile printer

18-06-2024T11:24:45 - [TEST_STEP][PASSED] - click(findTestObject("Menu/Master")): Object: 'Object Repository/Menu/Master' is clicked on

18-06-2024T11:24:45 - [MESSAGE][PASSED] - Object: 'Object Repository/Menu/Master' is clicked on

18-06-2024T11:24:45 - [TEST_STEP][PASSED] - click(findTestObject("Mobile printer/mobile printer")): Object: 'Object Repository/Mobile printer/mobile printer' is clicked on

18-06-2024T11:24:45 - [MESSAGE][PASSED] - Object: 'Object Repository/Mobile printer/mobile printer' is clicked on

18-06-2024T11:24:45 - [TEST_STEP][PASSED] - takeScreenshotAsCheckpoint("menampilkan halaman mobile printer"): Taking screenshot successfully

18-06-2024T11:24:48 - [MESSAGE][INFO] - 0 hidden object(s)

18-06-2024T11:24:48 - [MESSAGE][PASSED] - Taking screenshot successfully
[[ATTACHMENT|keyes\keyes-menampilkan halaman mobile printer.png]]

18-06-2024T11:24:48 - [TEST_STEP][PASSED] - setText(findTestObject("Mobile printer/search"), "MP010"): Text 'MP010' is set on object 'Object Repository/Mobile printer/search'

18-06-2024T11:24:49 - [MESSAGE][PASSED] - Text 'MP010' is set on object 'Object Repository/Mobile printer/search'

18-06-2024T11:24:49 - [TEST_STEP][PASSED] - click(findTestObject("Mobile printer/btn search")): Object: 'Object Repository/Mobile printer/btn search' is clicked on

18-06-2024T11:24:49 - [MESSAGE][PASSED] - Object: 'Object Repository/Mobile printer/btn search' is clicked on

18-06-2024T11:24:49 - [TEST_STEP][PASSED] - takeScreenshotAsCheckpoint("menampilkan pencarian"): Taking screenshot successfully

18-06-2024T11:24:51 - [MESSAGE][INFO] - 0 hidden object(s)

18-06-2024T11:24:51 - [MESSAGE][PASSED] - Taking screenshot successfully
[[ATTACHMENT|keyes\keyes-menampilkan pencarian.png]]]]></system-out>
         <system-err><![CDATA[]]></system-err>
      </testcase>
      <system-out><![CDATA[18-06-2024T11:23:39 - [TEST_SUITE][FAILED] - Master: Test Cases/Master/Branch FAILED.
Reason:
com.kms.katalon.core.exception.StepFailedException: Unable to click on object 'Object Repository/Branch/Branch'
	at com.kms.katalon.core.webui.keyword.internal.WebUIKeywordMain.stepFailed(WebUIKeywordMain.groovy:64)
	at com.kms.katalon.core.webui.keyword.internal.WebUIKeywordMain.runKeyword(WebUIKeywordMain.groovy:26)
	at com.kms.katalon.core.webui.keyword.builtin.ClickKeyword.click(ClickKeyword.groovy:74)
	at com.kms.katalon.core.webui.keyword.builtin.ClickKeyword.execute(ClickKeyword.groovy:40)
	at com.kms.katalon.core.keyword.internal.KeywordExecutor.executeKeywordForPlatform(KeywordExecutor.groovy:74)
	at com.kms.katalon.core.webui.keyword.WebUiBuiltInKeywords.click(WebUiBuiltInKeywords.groovy:659)
	at Branch.run(Branch:22)
	at com.kms.katalon.core.main.ScriptEngine.run(ScriptEngine.java:194)
	at com.kms.katalon.core.main.ScriptEngine.runScriptAsRawText(ScriptEngine.java:119)
	at com.kms.katalon.core.main.TestCaseExecutor.runScript(TestCaseExecutor.java:448)
	at com.kms.katalon.core.main.TestCaseExecutor.doExecute(TestCaseExecutor.java:439)
	at com.kms.katalon.core.main.TestCaseExecutor.processExecutionPhase(TestCaseExecutor.java:418)
	at com.kms.katalon.core.main.TestCaseExecutor.accessMainPhase(TestCaseExecutor.java:410)
	at com.kms.katalon.core.main.TestCaseExecutor.execute(TestCaseExecutor.java:285)
	at com.kms.katalon.core.common.CommonExecutor.accessTestCaseMainPhase(CommonExecutor.java:65)
	at com.kms.katalon.core.main.TestSuiteExecutor.accessTestSuiteMainPhase(TestSuiteExecutor.java:150)
	at com.kms.katalon.core.main.TestSuiteExecutor.execute(TestSuiteExecutor.java:106)
	at com.kms.katalon.core.main.TestCaseMain.startTestSuite(TestCaseMain.java:180)
	at TempTestSuite1718684611608.run(TempTestSuite1718684611608.groovy:35)
	at java.base/jdk.internal.reflect.NativeMethodAccessorImpl.invoke0(Native Method)
	at java.base/jdk.internal.reflect.NativeMethodAccessorImpl.invoke(NativeMethodAccessorImpl.java:77)
	at java.base/jdk.internal.reflect.DelegatingMethodAccessorImpl.invoke(DelegatingMethodAccessorImpl.java:43)
Caused by: org.openqa.selenium.ElementNotInteractableException: element not interactable
  (Session info: chrome=125.0.6422.142)
Build info: version: '3.141.59', revision: 'unknown', time: 'unknown'
System info: host: 'DESKTOP-09GUU8E', ip: '192.168.10.33', os.name: 'Windows 10', os.arch: 'amd64', os.version: '10.0', java.version: '17.0.7'
Driver info: com.kms.katalon.selenium.driver.CChromeDriver
Capabilities {acceptInsecureCerts: false, browserName: chrome, browserVersion: 125.0.6422.142, chrome: {chromedriverVersion: 125.0.6422.60 (3ac3319bff9f..., userDataDir: C:\Users\0725\AppData\Local...}, fedcm:accounts: true, goog:chromeOptions: {debuggerAddress: localhost:56590}, javascriptEnabled: true, networkConnectionEnabled: false, pageLoadStrategy: normal, platform: WINDOWS, platformName: WINDOWS, proxy: Proxy(), setWindowRect: true, strictFileInteractability: false, timeouts: {implicit: 0, pageLoad: 300000, script: 30000}, unhandledPromptBehavior: dismiss and notify, webauthn:extension:credBlob: true, webauthn:extension:largeBlob: true, webauthn:extension:minPinLength: true, webauthn:extension:prf: true, webauthn:virtualAuthenticators: true}
Session ID: edd8a05ee9363ea6abf24d2a6803cb98
	at java.base/jdk.internal.reflect.NativeConstructorAccessorImpl.newInstance0(Native Method)
	at java.base/jdk.internal.reflect.NativeConstructorAccessorImpl.newInstance(NativeConstructorAccessorImpl.java:77)
	at java.base/jdk.internal.reflect.DelegatingConstructorAccessorImpl.newInstance(DelegatingConstructorAccessorImpl.java:45)
	at org.openqa.selenium.remote.http.W3CHttpResponseCodec.createException(W3CHttpResponseCodec.java:187)
	at org.openqa.selenium.remote.http.W3CHttpResponseCodec.decode(W3CHttpResponseCodec.java:122)
	at org.openqa.selenium.remote.http.W3CHttpResponseCodec.decode(W3CHttpResponseCodec.java:49)
	at org.openqa.selenium.remote.HttpCommandExecutor.execute(HttpCommandExecutor.java:158)
	at org.openqa.selenium.remote.service.DriverCommandExecutor.execute(DriverCommandExecutor.java:83)
	at org.openqa.selenium.remote.RemoteWebDriver.execute(RemoteWebDriver.java:552)
	at com.kms.katalon.selenium.driver.CChromeDriver.execute(CChromeDriver.java:19)
	at org.openqa.selenium.remote.RemoteWebElement.execute(RemoteWebElement.java:285)
	at org.openqa.selenium.remote.RemoteWebElement.click(RemoteWebElement.java:84)
	at java.base/jdk.internal.reflect.NativeMethodAccessorImpl.invoke0(Native Method)
	at java.base/jdk.internal.reflect.NativeMethodAccessorImpl.invoke(NativeMethodAccessorImpl.java:77)
	at java.base/jdk.internal.reflect.DelegatingMethodAccessorImpl.invoke(DelegatingMethodAccessorImpl.java:43)
	at org.openqa.selenium.support.events.EventFiringWebDriver$EventFiringWebElement.lambda$new$0(EventFiringWebDriver.java:404)
	at jdk.proxy2/jdk.proxy2.$Proxy24.click(Unknown Source)
	at org.openqa.selenium.support.events.EventFiringWebDriver$EventFiringWebElement.click(EventFiringWebDriver.java:417)
	at org.openqa.selenium.WebElement$click.call(Unknown Source)
	at com.kms.katalon.core.webui.keyword.builtin.ClickKeyword.clickUntilSuccessWithTimeout(ClickKeyword.groovy:81)
	at com.kms.katalon.core.webui.keyword.builtin.ClickKeyword.clickUntilSuccessWithTimeout(ClickKeyword.groovy)
	at java.base/jdk.internal.reflect.NativeMethodAccessorImpl.invoke0(Native Method)
	at java.base/jdk.internal.reflect.NativeMethodAccessorImpl.invoke(NativeMethodAccessorImpl.java:77)
	at java.base/jdk.internal.reflect.DelegatingMethodAccessorImpl.invoke(DelegatingMethodAccessorImpl.java:43)
	at com.kms.katalon.core.webui.keyword.builtin.ClickKeyword$_click_closure1.doCall(ClickKeyword.groovy:67)
	at com.kms.katalon.core.webui.keyword.builtin.ClickKeyword$_click_closure1.call(ClickKeyword.groovy)
	at com.kms.katalon.core.webui.keyword.internal.WebUIKeywordMain.runKeyword(WebUIKeywordMain.groovy:20)
	... 20 more]]></system-out>
      <system-err><![CDATA[18-06-2024T11:23:39 - [TEST_SUITE][FAILED] - Master: Test Cases/Master/Branch FAILED.
Reason:
com.kms.katalon.core.exception.StepFailedException: Unable to click on object 'Object Repository/Branch/Branch'
	at com.kms.katalon.core.webui.keyword.internal.WebUIKeywordMain.stepFailed(WebUIKeywordMain.groovy:64)
	at com.kms.katalon.core.webui.keyword.internal.WebUIKeywordMain.runKeyword(WebUIKeywordMain.groovy:26)
	at com.kms.katalon.core.webui.keyword.builtin.ClickKeyword.click(ClickKeyword.groovy:74)
	at com.kms.katalon.core.webui.keyword.builtin.ClickKeyword.execute(ClickKeyword.groovy:40)
	at com.kms.katalon.core.keyword.internal.KeywordExecutor.executeKeywordForPlatform(KeywordExecutor.groovy:74)
	at com.kms.katalon.core.webui.keyword.WebUiBuiltInKeywords.click(WebUiBuiltInKeywords.groovy:659)
	at Branch.run(Branch:22)
	at com.kms.katalon.core.main.ScriptEngine.run(ScriptEngine.java:194)
	at com.kms.katalon.core.main.ScriptEngine.runScriptAsRawText(ScriptEngine.java:119)
	at com.kms.katalon.core.main.TestCaseExecutor.runScript(TestCaseExecutor.java:448)
	at com.kms.katalon.core.main.TestCaseExecutor.doExecute(TestCaseExecutor.java:439)
	at com.kms.katalon.core.main.TestCaseExecutor.processExecutionPhase(TestCaseExecutor.java:418)
	at com.kms.katalon.core.main.TestCaseExecutor.accessMainPhase(TestCaseExecutor.java:410)
	at com.kms.katalon.core.main.TestCaseExecutor.execute(TestCaseExecutor.java:285)
	at com.kms.katalon.core.common.CommonExecutor.accessTestCaseMainPhase(CommonExecutor.java:65)
	at com.kms.katalon.core.main.TestSuiteExecutor.accessTestSuiteMainPhase(TestSuiteExecutor.java:150)
	at com.kms.katalon.core.main.TestSuiteExecutor.execute(TestSuiteExecutor.java:106)
	at com.kms.katalon.core.main.TestCaseMain.startTestSuite(TestCaseMain.java:180)
	at TempTestSuite1718684611608.run(TempTestSuite1718684611608.groovy:35)
	at java.base/jdk.internal.reflect.NativeMethodAccessorImpl.invoke0(Native Method)
	at java.base/jdk.internal.reflect.NativeMethodAccessorImpl.invoke(NativeMethodAccessorImpl.java:77)
	at java.base/jdk.internal.reflect.DelegatingMethodAccessorImpl.invoke(DelegatingMethodAccessorImpl.java:43)
Caused by: org.openqa.selenium.ElementNotInteractableException: element not interactable
  (Session info: chrome=125.0.6422.142)
Build info: version: '3.141.59', revision: 'unknown', time: 'unknown'
System info: host: 'DESKTOP-09GUU8E', ip: '192.168.10.33', os.name: 'Windows 10', os.arch: 'amd64', os.version: '10.0', java.version: '17.0.7'
Driver info: com.kms.katalon.selenium.driver.CChromeDriver
Capabilities {acceptInsecureCerts: false, browserName: chrome, browserVersion: 125.0.6422.142, chrome: {chromedriverVersion: 125.0.6422.60 (3ac3319bff9f..., userDataDir: C:\Users\0725\AppData\Local...}, fedcm:accounts: true, goog:chromeOptions: {debuggerAddress: localhost:56590}, javascriptEnabled: true, networkConnectionEnabled: false, pageLoadStrategy: normal, platform: WINDOWS, platformName: WINDOWS, proxy: Proxy(), setWindowRect: true, strictFileInteractability: false, timeouts: {implicit: 0, pageLoad: 300000, script: 30000}, unhandledPromptBehavior: dismiss and notify, webauthn:extension:credBlob: true, webauthn:extension:largeBlob: true, webauthn:extension:minPinLength: true, webauthn:extension:prf: true, webauthn:virtualAuthenticators: true}
Session ID: edd8a05ee9363ea6abf24d2a6803cb98
	at java.base/jdk.internal.reflect.NativeConstructorAccessorImpl.newInstance0(Native Method)
	at java.base/jdk.internal.reflect.NativeConstructorAccessorImpl.newInstance(NativeConstructorAccessorImpl.java:77)
	at java.base/jdk.internal.reflect.DelegatingConstructorAccessorImpl.newInstance(DelegatingConstructorAccessorImpl.java:45)
	at org.openqa.selenium.remote.http.W3CHttpResponseCodec.createException(W3CHttpResponseCodec.java:187)
	at org.openqa.selenium.remote.http.W3CHttpResponseCodec.decode(W3CHttpResponseCodec.java:122)
	at org.openqa.selenium.remote.http.W3CHttpResponseCodec.decode(W3CHttpResponseCodec.java:49)
	at org.openqa.selenium.remote.HttpCommandExecutor.execute(HttpCommandExecutor.java:158)
	at org.openqa.selenium.remote.service.DriverCommandExecutor.execute(DriverCommandExecutor.java:83)
	at org.openqa.selenium.remote.RemoteWebDriver.execute(RemoteWebDriver.java:552)
	at com.kms.katalon.selenium.driver.CChromeDriver.execute(CChromeDriver.java:19)
	at org.openqa.selenium.remote.RemoteWebElement.execute(RemoteWebElement.java:285)
	at org.openqa.selenium.remote.RemoteWebElement.click(RemoteWebElement.java:84)
	at java.base/jdk.internal.reflect.NativeMethodAccessorImpl.invoke0(Native Method)
	at java.base/jdk.internal.reflect.NativeMethodAccessorImpl.invoke(NativeMethodAccessorImpl.java:77)
	at java.base/jdk.internal.reflect.DelegatingMethodAccessorImpl.invoke(DelegatingMethodAccessorImpl.java:43)
	at org.openqa.selenium.support.events.EventFiringWebDriver$EventFiringWebElement.lambda$new$0(EventFiringWebDriver.java:404)
	at jdk.proxy2/jdk.proxy2.$Proxy24.click(Unknown Source)
	at org.openqa.selenium.support.events.EventFiringWebDriver$EventFiringWebElement.click(EventFiringWebDriver.java:417)
	at org.openqa.selenium.WebElement$click.call(Unknown Source)
	at com.kms.katalon.core.webui.keyword.builtin.ClickKeyword.clickUntilSuccessWithTimeout(ClickKeyword.groovy:81)
	at com.kms.katalon.core.webui.keyword.builtin.ClickKeyword.clickUntilSuccessWithTimeout(ClickKeyword.groovy)
	at java.base/jdk.internal.reflect.NativeMethodAccessorImpl.invoke0(Native Method)
	at java.base/jdk.internal.reflect.NativeMethodAccessorImpl.invoke(NativeMethodAccessorImpl.java:77)
	at java.base/jdk.internal.reflect.DelegatingMethodAccessorImpl.invoke(DelegatingMethodAccessorImpl.java:43)
	at com.kms.katalon.core.webui.keyword.builtin.ClickKeyword$_click_closure1.doCall(ClickKeyword.groovy:67)
	at com.kms.katalon.core.webui.keyword.builtin.ClickKeyword$_click_closure1.call(ClickKeyword.groovy)
	at com.kms.katalon.core.webui.keyword.internal.WebUIKeywordMain.runKeyword(WebUIKeywordMain.groovy:20)
	... 20 more]]></system-err>
   </testsuite>
</testsuites>
